#
# A fatal error has been detected by the Java Runtime Environment:
#
#  EXCEPTION_ACCESS_VIOLATION (0xc0000005) at pc=0x00007fffb4085d1a, pid=18400, tid=13024
#
# JRE version: Java(TM) SE Runtime Environment (13.0+33) (build 13+33)
# Java VM: Java HotSpot(TM) 64-Bit Server VM (13+33, mixed mode, sharing, tiered, compressed oops, g1 gc, windows-amd64)
# Problematic frame:
# C  [freetype.dll+0x45d1a]
#
# No core dump will be written. Minidumps are not enabled by default on client versions of Windows
#
# If you would like to submit a bug report, please visit:
#   http://bugreport.java.com/bugreport/crash.jsp
# The crash happened outside the Java Virtual Machine in native code.
# See problematic frame for where to report the bug.
#

---------------  S U M M A R Y ------------

Command Line: -agentlib:jdwp=transport=dt_socket,address=127.0.0.1:60575,suspend=y,server=n -ea -javaagent:C:\Users\ellio\AppData\Local\JetBrains\IdeaIC2020.1\captureAgent\debugger-agent.jar -Dfile.encoding=UTF-8 net.runelite.client.RuneLite --debug --developer-mode

Host: AMD Ryzen 5 1600 Six-Core Processor            , 12 cores, 31G,  Windows 10 , 64 bit Build 18362 (10.0.18362.778)
Time: Wed May 20 21:35:28 2020 Eastern Daylight Time elapsed time: 242 seconds (0d 0h 4m 2s)

---------------  T H R E A D  ---------------

Current thread (0x000002247e885800):  JavaThread "Client" daemon [_thread_in_native, id=13024, stack(0x0000004220120000,0x0000004220220000)]

Stack: [0x0000004220120000,0x0000004220220000],  sp=0x000000422021b6e0,  free space=1005k
Native frames: (J=compiled Java code, j=interpreted, Vv=VM code, C=native code)
C  [freetype.dll+0x45d1a]

Java frames: (J=compiled Java code, j=interpreted, Vv=VM code)
j  sun.font.FreetypeFontScaler.getGlyphImageNative(Lsun/font/Font2D;JJI)J+0 java.desktop@13
j  sun.font.FreetypeFontScaler.getGlyphImage(JI)J+26 java.desktop@13
j  sun.font.FileFont.getGlyphImage(JI)J+6 java.desktop@13
j  sun.font.FileFontStrike.getGlyphImagePtr(I)J+87 java.desktop@13
J 6858 c1 sun.font.FileFontStrike.getGlyphAdvance(IZ)F java.desktop@13 (400 bytes) @ 0x0000022446afeb4c [0x0000022446afe600+0x000000000000054c]
j  sun.font.FileFontStrike.getGlyphAdvance(I)F+3 java.desktop@13
J 6939 c1 sun.font.CompositeStrike.getCodePointAdvance(I)F java.desktop@13 (16 bytes) @ 0x0000022446b2fc34 [0x0000022446b2f820+0x0000000000000414]
J 6888 c1 sun.font.FontDesignMetrics.stringWidth(Ljava/lang/String;)I java.desktop@13 (155 bytes) @ 0x0000022446b0d76c [0x0000022446b0ce80+0x00000000000008ec]
j  net.runelite.client.ui.overlay.components.TooltipComponent.calculateTextWidth(Ljava/awt/FontMetrics;Ljava/lang/String;)I+42
j  net.runelite.client.ui.overlay.components.TooltipComponent.render(Ljava/awt/Graphics2D;)Ljava/awt/Dimension;+63
j  net.runelite.client.ui.overlay.tooltip.TooltipOverlay.renderTooltips(Ljava/awt/Graphics2D;Ljava/util/List;)Ljava/awt/Dimension;+236
j  net.runelite.client.ui.overlay.tooltip.TooltipOverlay.render(Ljava/awt/Graphics2D;)Ljava/awt/Dimension;+22
j  net.runelite.client.ui.overlay.OverlayRenderer.safeRender(Lnet/runelite/api/Client;Lnet/runelite/client/ui/overlay/Overlay;Lnet/runelite/client/ui/overlay/OverlayLayer;Ljava/awt/Graphics2D;Ljava/awt/Point;)V+186
J 7793 c1 net.runelite.client.ui.overlay.OverlayRenderer.render(Ljava/awt/Graphics2D;Lnet/runelite/client/ui/overlay/OverlayLayer;)V (880 bytes) @ 0x0000022446d82e8c [0x0000022446d805e0+0x00000000000028ac]
J 7735 c1 net.runelite.client.callback.Hooks.draw(Lnet/runelite/api/MainBufferProvider;Ljava/awt/Graphics;II)V (333 bytes) @ 0x0000022446d5bea4 [0x0000022446d5bd60+0x0000000000000144]
J 7733 c1 bh.m(III)V (40 bytes) @ 0x0000022446d5a40c [0x0000022446d5a1a0+0x000000000000026c]
j  client.ao(ZB)V+1300
J 7690 c1 br.bj(Lbr;I)V (418 bytes) @ 0x0000022446d259c4 [0x0000022446d24a40+0x0000000000000f84]
j  br.run()V+369
j  java.lang.Thread.run()V+11 java.base@13
v  ~StubRoutines::call_stub

siginfo: EXCEPTION_ACCESS_VIOLATION (0xc0000005), reading address 0x0000000000000118


Register to memory mapping:

RIP=0x00007fffb4085d1a freetype.dll
RAX=0x000000422021b718 is pointing into the stack for thread: 0x000002247e885800
RBX=0x000000422021b8c0 is pointing into the stack for thread: 0x000002247e885800
RCX=0x000002246cde77f0 points into unknown readable memory: 01 00 00 00 00 00 00 00
RDX=0x0 is NULL
RSP=0x000000422021b6e0 is pointing into the stack for thread: 0x000002247e885800
RBP=0x000000422021b7e0 is pointing into the stack for thread: 0x000002247e885800
RSI=0x000002246cde77f0 points into unknown readable memory: 01 00 00 00 00 00 00 00
RDI=0x0 is NULL
R8 =0x0000000000000025 is an unknown value
R9 =0x000000422021b740 is pointing into the stack for thread: 0x000002247e885800
R10=0x0 is NULL
R11=0x000000422021b610 is pointing into the stack for thread: 0x000002247e885800
R12=0x0000000000000025 is an unknown value
R13=0x0000000000000908 is an unknown value
R14=0x000002246cde77f0 points into unknown readable memory: 01 00 00 00 00 00 00 00
R15=0x000002246bc40160 points into unknown readable memory: 10 92 a3 7c 24 02 00 00


Registers:
RAX=0x000000422021b718, RBX=0x000000422021b8c0, RCX=0x000002246cde77f0, RDX=0x0000000000000000
RSP=0x000000422021b6e0, RBP=0x000000422021b7e0, RSI=0x000002246cde77f0, RDI=0x0000000000000000
R8 =0x0000000000000025, R9 =0x000000422021b740, R10=0x0000000000000000, R11=0x000000422021b610
R12=0x0000000000000025, R13=0x0000000000000908, R14=0x000002246cde77f0, R15=0x000002246bc40160
RIP=0x00007fffb4085d1a, EFLAGS=0x0000000000010246

Top of Stack: (sp=0x000000422021b6e0)
0x000000422021b6e0:   000000422021b8c0 000000422021b8f0
0x000000422021b6f0:   0000000000000000 00007fff7fe6b788
0x000000422021b700:   000000422021b718 0000000000000000
0x000000422021b710:   0000020000000000 0000000000000000
0x000000422021b720:   0000000000db0000 00007fff00001198
0x000000422021b730:   0001000000010000 00007fff00000000
0x000000422021b740:   0000022404c90000 00007fff815c6204
0x000000422021b750:   000000422021d8f8 00007fff8130d117
0x000000422021b760:   000000422021b790 00007fff810fe3f0
0x000000422021b770:   0000000000000c00 000000007fe6b738
0x000000422021b780:   0000000000000042 0000000000000000
0x000000422021b790:   000000060f55cc00 00007fff81387a9b
0x000000422021b7a0:   000002247e885800 00007fff816f2176
0x000000422021b7b0:   0000000000000010 00000000000003d8
0x000000422021b7c0:   000002247e885800 0000000000000000
0x000000422021b7d0:   000002247e885800 0000004204c95078 

Instructions: (pc=0x00007fffb4085d1a)
0x00007fffb4085c1a:   48 89 45 c0 48 89 45 c8 48 89 45 d0 48 89 45 d8
0x00007fffb4085c2a:   48 89 45 e0 c6 44 24 34 01 e8 18 e0 fd ff 48 8d
0x00007fffb4085c3a:   45 a0 48 89 43 28 eb 12 48 8d 73 30 49 8b ce 4c
0x00007fffb4085c4a:   8b c6 e8 6f d1 00 00 44 8b e8 44 8b 0e 45 85 c9
0x00007fffb4085c5a:   7e 63 41 8b 96 04 04 00 00 85 d2 75 15 49 8b 8e
0x00007fffb4085c6a:   d0 00 00 00 48 39 79 50 75 08 8d 4a 08 e9 01 0a
0x00007fffb4085c7a:   00 00 46 8d 04 2a 48 8b cb 41 8b d4 41 ff 96 a8
0x00007fffb4085c8a:   02 00 00 89 44 24 30 8b c8 85 c0 0f 85 e6 09 00
0x00007fffb4085c9a:   00 48 8b cb 41 ff 96 b8 02 00 00 48 8b cb 89 44
0x00007fffb4085caa:   24 30 41 ff 96 b0 02 00 00 8b 4c 24 30 85 c9 0f
0x00007fffb4085cba:   85 c2 09 00 00 39 3e 74 06 66 39 7b 34 75 08 48
0x00007fffb4085cca:   89 7b 38 48 89 7b 40 48 8b 43 28 48 8b 33 48 8b
0x00007fffb4085cda:   c8 48 89 45 40 66 89 7c 24 60 66 89 7c 24 44 66
0x00007fffb4085cea:   89 7c 24 38 66 89 7c 24 40 e8 78 df fd ff 4c 8b
0x00007fffb4085cfa:   96 d0 02 00 00 4c 8d 4c 24 60 89 44 24 48 45 8b
0x00007fffb4085d0a:   c4 48 8d 44 24 38 33 d2 48 8b ce 48 89 44 24 20
0x00007fffb4085d1a:   41 ff 92 18 01 00 00 8b 4b 44 40 38 be 90 01 00
0x00007fffb4085d2a:   00 74 27 4c 8b 96 d0 02 00 00 48 8d 44 24 40 4c
0x00007fffb4085d3a:   8d 4c 24 44 48 89 44 24 20 45 8b c4 b2 01 48 8b
0x00007fffb4085d4a:   ce 41 ff 92 18 01 00 00 eb 7d b8 ff ff 00 00 66
0x00007fffb4085d5a:   39 86 08 02 00 00 74 37 0f b7 86 4e 02 00 00 66
0x00007fffb4085d6a:   2b c1 66 89 44 24 44 0f bf 8e 4e 02 00 00 44 0f
0x00007fffb4085d7a:   bf 86 50 02 00 00 8b d1 41 2b d0 0f b7 c1 66 41
0x00007fffb4085d8a:   2b c0 66 44 2b c1 85 d2 66 44 0f 49 c0 eb 32 0f
0x00007fffb4085d9a:   b7 86 3c 01 00 00 66 2b c1 66 89 44 24 44 0f bf
0x00007fffb4085daa:   96 3e 01 00 00 44 0f bf 86 3c 01 00 00 44 3b c2
0x00007fffb4085dba:   79 0b 66 41 2b d0 66 89 54 24 40 eb 0a 66 44 2b
0x00007fffb4085dca:   c2 66 44 89 44 24 40 8b 54 24 48 48 8b 4d 40 e8
0x00007fffb4085dda:   e2 e4 fd ff 8b c8 85 c0 75 35 0f bf 44 24 60 0f
0x00007fffb4085dea:   b7 4c 24 38 89 43 48 0f bf 44 24 44 89 83 08 01
0x00007fffb4085dfa:   00 00 0f b7 44 24 40 89 83 0c 01 00 00 89 4b 4c
0x00007fffb4085e0a:   40 38 7b 54 75 07 c6 43 54 01 89 4b 50 8b cf 89 


Stack slot to memory mapping:
stack at sp + 0 slots: 0x000000422021b8c0 is pointing into the stack for thread: 0x000002247e885800
stack at sp + 1 slots: 0x000000422021b8f0 is pointing into the stack for thread: 0x000002247e885800
stack at sp + 2 slots: 0x0 is NULL
stack at sp + 3 slots: 0x00007fff7fe6b788 is an unknown value
stack at sp + 4 slots: 0x000000422021b718 is pointing into the stack for thread: 0x000002247e885800
stack at sp + 5 slots: 0x0 is NULL
stack at sp + 6 slots: 0x0000020000000000 is an unknown value
stack at sp + 7 slots: 0x0 is NULL


---------------  P R O C E S S  ---------------

Threads class SMR info:
_java_thread_list=0x000002247cee5640, length=37, elements={
0x000002246b973000, 0x000002246b977000, 0x000002246b98b000, 0x000002246b98c000,
0x000002246b98e800, 0x000002246b98f800, 0x000002246b994000, 0x000002246ba81800,
0x000002246bb7a800, 0x000002246bbaf800, 0x000002246c763000, 0x000002246c764800,
0x000002246c778800, 0x000002246cf5f800, 0x000002246d501800, 0x000002246d5ee000,
0x000002246d5ea000, 0x000002246d5eb800, 0x000002246d5ec800, 0x000002247e885800,
0x000002247e886800, 0x000002247e884800, 0x000002247e881800, 0x000002247e887000,
0x000002247e888000, 0x000002247e882800, 0x000002247e884000, 0x000002247e889000,
0x000002247e883000, 0x000002247e88b800, 0x000002247e88e800, 0x000002247e88f800,
0x000002246c11e000, 0x000002247b022800, 0x000002246d5eb000, 0x000002246d5ef800,
0x000002247e88c000
}

Java Threads: ( => current thread )
  0x000002246b973000 JavaThread "Reference Handler" daemon [_thread_blocked, id=7700, stack(0x000000421d300000,0x000000421d400000)]
  0x000002246b977000 JavaThread "Finalizer" daemon [_thread_blocked, id=10780, stack(0x000000421d400000,0x000000421d500000)]
  0x000002246b98b000 JavaThread "Signal Dispatcher" daemon [_thread_blocked, id=5024, stack(0x000000421d500000,0x000000421d600000)]
  0x000002246b98c000 JavaThread "Attach Listener" daemon [_thread_blocked, id=3800, stack(0x000000421d600000,0x000000421d700000)]
  0x000002246b98e800 JavaThread "C2 CompilerThread0" daemon [_thread_in_native, id=4208, stack(0x000000421d700000,0x000000421d800000)]
  0x000002246b98f800 JavaThread "C1 CompilerThread0" daemon [_thread_blocked, id=9304, stack(0x000000421d800000,0x000000421d900000)]
  0x000002246b994000 JavaThread "Sweeper thread" daemon [_thread_blocked, id=9520, stack(0x000000421d900000,0x000000421da00000)]
  0x000002246ba81800 JavaThread "Common-Cleaner" daemon [_thread_blocked, id=16028, stack(0x000000421da00000,0x000000421db00000)]
  0x000002246bb7a800 JavaThread "JDWP Event Helper Thread" daemon [_thread_blocked, id=2204, stack(0x000000421dd00000,0x000000421de00000)]
  0x000002246bbaf800 JavaThread "Service Thread" daemon [_thread_blocked, id=22416, stack(0x000000421df00000,0x000000421e000000)]
  0x000002246c763000 JavaThread "Java2D Disposer" daemon [_thread_blocked, id=19056, stack(0x000000421e100000,0x000000421e200000)]
  0x000002246c764800 JavaThread "AWT-Shutdown" [_thread_blocked, id=10740, stack(0x000000421e200000,0x000000421e300000)]
  0x000002246c778800 JavaThread "AWT-EventQueue-0" [_thread_blocked, id=664, stack(0x000000421e400000,0x000000421e500000)]
  0x000002246cf5f800 JavaThread "TimerQueue" daemon [_thread_blocked, id=19344, stack(0x000000421e720000,0x000000421e820000)]
  0x000002246d501800 JavaThread "OkHttp ConnectionPool" daemon [_thread_blocked, id=4864, stack(0x000000421f520000,0x000000421f620000)]
  0x000002246d5ee000 JavaThread "pool-2-thread-1" [_thread_blocked, id=14172, stack(0x000000421f720000,0x000000421f820000)]
  0x000002246d5ea000 JavaThread "OkHttp api.runelite.net" [_thread_in_native, id=21792, stack(0x000000421fa20000,0x000000421fb20000)]
  0x000002246d5eb800 JavaThread "OkHttp repo.runelite.net" [_thread_in_native, id=5180, stack(0x000000421fe20000,0x000000421ff20000)]
  0x000002246d5ec800 JavaThread "Thread-2" daemon [_thread_blocked, id=8216, stack(0x0000004220020000,0x0000004220120000)]
=>0x000002247e885800 JavaThread "Client" daemon [_thread_in_native, id=13024, stack(0x0000004220120000,0x0000004220220000)]
  0x000002247e886800 JavaThread "Thread-4" daemon [_thread_blocked, id=9440, stack(0x0000004220220000,0x0000004220320000)]
  0x000002247e884800 JavaThread "Substance heap status" daemon [_thread_blocked, id=20724, stack(0x0000004220320000,0x0000004220420000)]
  0x000002247e881800 JavaThread "Thread-7" daemon [_thread_blocked, id=18280, stack(0x0000004220620000,0x0000004220720000)]
  0x000002247e887000 JavaThread "pool-4-thread-1" [_thread_blocked, id=32, stack(0x0000004220b20000,0x0000004220c20000)]
  0x000002247e888000 JavaThread "Thread-8" daemon [_thread_blocked, id=17180, stack(0x0000004220c20000,0x0000004220d20000)]
  0x000002247e882800 JavaThread "Trident callback thread" daemon [_thread_blocked, id=2528, stack(0x0000004220d20000,0x0000004220e20000)]
  0x000002247e884000 JavaThread "Trident pulse source thread" daemon [_thread_blocked, id=2972, stack(0x0000004220e20000,0x0000004220f20000)]
  0x000002247e889000 JavaThread "Java Sound Event Dispatcher" daemon [_thread_blocked, id=11096, stack(0x0000004221120000,0x0000004221220000)]
  0x000002247e883000 JavaThread "DestroyJavaVM" [_thread_blocked, id=10060, stack(0x000000421cc00000,0x000000421cd00000)]
  0x000002247e88b800 JavaThread "pool-5-thread-1" [_thread_blocked, id=12260, stack(0x0000004221420000,0x0000004221520000)]
  0x000002247e88e800 JavaThread "Thread-11" daemon [_thread_blocked, id=9108, stack(0x0000004221620000,0x0000004221720000)]
  0x000002247e88f800 JavaThread "Thread-13" daemon [_thread_blocked, id=6140, stack(0x000000421f320000,0x000000421f420000)]
  0x000002246c11e000 JavaThread "C2 CompilerThread1" daemon [_thread_in_native, id=19200, stack(0x000000421c900000,0x000000421ca00000)]
  0x000002247b022800 JavaThread "C2 CompilerThread2" daemon [_thread_in_native, id=13504, stack(0x000000421ca00000,0x000000421cb00000)]
  0x000002246d5eb000 JavaThread "Okio Watchdog" daemon [_thread_blocked, id=13920, stack(0x000000421cb00000,0x000000421cc00000)]
  0x000002246d5ef800 JavaThread "SIGINT handler" daemon [_thread_blocked, id=22256, stack(0x000000421dbf0000,0x000000421dcf0000)]
  0x000002247e88c000 Thread [stack: 0x000000421f620000,0x000000421f720000] [id=11792]

Other Threads:
  0x000002246ad1e800 VMThread "VM Thread" [stack: 0x000000421d200000,0x000000421d300000] [id=1744]
  0x000002246be76800 WatcherThread [stack: 0x000000421e000000,0x000000421e100000] [id=16448]
  0x000002243b9ec000 GCTaskThread "GC Thread#0" [stack: 0x000000421cd00000,0x000000421ce00000] [id=22252]
  0x000002246d05d000 GCTaskThread "GC Thread#1" [stack: 0x000000421e820000,0x000000421e920000] [id=17580]
  0x000002246d08b800 GCTaskThread "GC Thread#2" [stack: 0x000000421e920000,0x000000421ea20000] [id=10372]
  0x000002246cfdf000 GCTaskThread "GC Thread#3" [stack: 0x000000421ea20000,0x000000421eb20000] [id=5524]
  0x000002246cfdf800 GCTaskThread "GC Thread#4" [stack: 0x000000421eb20000,0x000000421ec20000] [id=6840]
  0x000002246cfe0800 GCTaskThread "GC Thread#5" [stack: 0x000000421ec20000,0x000000421ed20000] [id=18104]
  0x000002246cfb7000 GCTaskThread "GC Thread#6" [stack: 0x000000421ed20000,0x000000421ee20000] [id=7204]
  0x000002246cfb8000 GCTaskThread "GC Thread#7" [stack: 0x000000421ee20000,0x000000421ef20000] [id=7124]
  0x000002246cfb8800 GCTaskThread "GC Thread#8" [stack: 0x000000421ef20000,0x000000421f020000] [id=8928]
  0x000002246cfb9800 GCTaskThread "GC Thread#9" [stack: 0x000000421f020000,0x000000421f120000] [id=11420]
  0x000002243ba0e800 ConcurrentGCThread "G1 Main Marker" [stack: 0x000000421ce00000,0x000000421cf00000] [id=8564]
  0x000002243ba10800 ConcurrentGCThread "G1 Conc#0" [stack: 0x000000421cf00000,0x000000421d000000] [id=100]
  0x000002246d5d9000 ConcurrentGCThread "G1 Conc#1" [stack: 0x000000421f820000,0x000000421f920000] [id=18728]
  0x000002246d5df800 ConcurrentGCThread "G1 Conc#2" [stack: 0x000000421f920000,0x000000421fa20000] [id=12948]
  0x000002246acb7800 ConcurrentGCThread "G1 Refine#0" [stack: 0x000000421d000000,0x000000421d100000] [id=21680]
  0x000002247e496800 ConcurrentGCThread "G1 Refine#1" [stack: 0x0000004220720000,0x0000004220820000] [id=12408]
  0x0000022401b46800 ConcurrentGCThread "G1 Refine#2" [stack: 0x0000004221720000,0x0000004221820000] [id=21764]
  0x000002246acb9800 ConcurrentGCThread "G1 Young RemSet Sampling" [stack: 0x000000421d100000,0x000000421d200000] [id=15560]

Threads with active compile tasks:
C2 CompilerThread0   242367 9385 %     4       el::ae @ 42 (1963 bytes)
C2 CompilerThread1   242367 9422   !   4       java.util.concurrent.ScheduledThreadPoolExecutor$DelayedWorkQueue::take (203 bytes)
C2 CompilerThread2   242367 9392 %     4       ea::at @ 487 (1959 bytes)

VM state:not at safepoint (normal execution)

VM Mutex/Monitor currently owned by a thread: None

Heap address: 0x0000000600c00000, size: 8180 MB, Compressed Oops mode: Zero based, Oop shift amount: 3
Narrow klass base: 0x0000000800000000, Narrow klass shift: 3
Compressed class space size: 1073741824 Address: 0x0000000800b40000

Heap:
 garbage-first heap   total 305152K, used 150415K [0x0000000600c00000, 0x0000000800000000)
  region size 2048K, 6 young (12288K), 5 survivors (10240K)
 Metaspace       used 61919K, capacity 63866K, committed 64004K, reserved 1105920K
  class space    used 6656K, capacity 7429K, committed 7552K, reserved 1048576K
Heap Regions: E=young(eden), S=young(survivor), O=old, HS=humongous(starts), HC=humongous(continues), CS=collection set, F=free, A=archive, TAMS=top-at-mark-start (previous, next)
|   0|0x0000000600c00000, 0x0000000600c6d800, 0x0000000600e00000| 21%| O|  |TAMS 0x0000000600c6d800, 0x0000000600c00000| Untracked 
|   1|0x0000000600e00000, 0x0000000601000000, 0x0000000601000000|100%| O|  |TAMS 0x0000000601000000, 0x0000000600e00000| Untracked 
|   2|0x0000000601000000, 0x0000000601200000, 0x0000000601200000|100%| O|  |TAMS 0x0000000601200000, 0x0000000601000000| Untracked 
|   3|0x0000000601200000, 0x0000000601400000, 0x0000000601400000|100%| O|  |TAMS 0x0000000601400000, 0x0000000601200000| Untracked 
|   4|0x0000000601400000, 0x0000000601600000, 0x0000000601600000|100%| O|  |TAMS 0x0000000601600000, 0x0000000601400000| Untracked 
|   5|0x0000000601600000, 0x0000000601800000, 0x0000000601800000|100%| O|  |TAMS 0x0000000601800000, 0x0000000601600000| Untracked 
|   6|0x0000000601800000, 0x0000000601a00000, 0x0000000601a00000|100%| O|  |TAMS 0x0000000601a00000, 0x0000000601800000| Untracked 
|   7|0x0000000601a00000, 0x0000000601c00000, 0x0000000601c00000|100%| O|  |TAMS 0x0000000601c00000, 0x0000000601a00000| Untracked 
|   8|0x0000000601c00000, 0x0000000601e00000, 0x0000000601e00000|100%| O|  |TAMS 0x0000000601e00000, 0x0000000601c00000| Untracked 
|   9|0x0000000601e00000, 0x0000000602000000, 0x0000000602000000|100%| O|  |TAMS 0x0000000602000000, 0x0000000601e00000| Untracked 
|  10|0x0000000602000000, 0x0000000602200000, 0x0000000602200000|100%| O|  |TAMS 0x0000000602200000, 0x0000000602000000| Untracked 
|  11|0x0000000602200000, 0x0000000602400000, 0x0000000602400000|100%| O|  |TAMS 0x0000000602400000, 0x0000000602200000| Untracked 
|  12|0x0000000602400000, 0x0000000602600000, 0x0000000602600000|100%| O|  |TAMS 0x0000000602600000, 0x0000000602400000| Untracked 
|  13|0x0000000602600000, 0x0000000602800000, 0x0000000602800000|100%| O|  |TAMS 0x0000000602800000, 0x0000000602600000| Untracked 
|  14|0x0000000602800000, 0x0000000602a00000, 0x0000000602a00000|100%| O|  |TAMS 0x0000000602a00000, 0x0000000602800000| Untracked 
|  15|0x0000000602a00000, 0x0000000602c00000, 0x0000000602c00000|100%| O|  |TAMS 0x0000000602c00000, 0x0000000602a00000| Untracked 
|  16|0x0000000602c00000, 0x0000000602e00000, 0x0000000602e00000|100%| O|  |TAMS 0x0000000602e00000, 0x0000000602c00000| Untracked 
|  17|0x0000000602e00000, 0x0000000603000000, 0x0000000603000000|100%| O|  |TAMS 0x0000000603000000, 0x0000000602e00000| Untracked 
|  18|0x0000000603000000, 0x0000000603200000, 0x0000000603200000|100%| O|  |TAMS 0x0000000603200000, 0x0000000603000000| Untracked 
|  19|0x0000000603200000, 0x0000000603400000, 0x0000000603400000|100%| O|  |TAMS 0x0000000603400000, 0x0000000603200000| Untracked 
|  20|0x0000000603400000, 0x0000000603600000, 0x0000000603600000|100%| O|  |TAMS 0x0000000603600000, 0x0000000603400000| Untracked 
|  21|0x0000000603600000, 0x0000000603800000, 0x0000000603800000|100%| O|  |TAMS 0x0000000603800000, 0x0000000603600000| Untracked 
|  22|0x0000000603800000, 0x0000000603a00000, 0x0000000603a00000|100%| O|  |TAMS 0x0000000603a00000, 0x0000000603800000| Untracked 
|  23|0x0000000603a00000, 0x0000000603c00000, 0x0000000603c00000|100%| O|  |TAMS 0x0000000603c00000, 0x0000000603a00000| Untracked 
|  24|0x0000000603c00000, 0x0000000603e00000, 0x0000000603e00000|100%| O|  |TAMS 0x0000000603e00000, 0x0000000603c00000| Untracked 
|  25|0x0000000603e00000, 0x0000000603e76600, 0x0000000604000000| 23%| O|  |TAMS 0x0000000603e76600, 0x0000000603e00000| Untracked 
|  26|0x0000000604000000, 0x0000000604200000, 0x0000000604200000|100%| O|  |TAMS 0x0000000604200000, 0x0000000604000000| Untracked 
|  27|0x0000000604200000, 0x0000000604400000, 0x0000000604400000|100%|HS|  |TAMS 0x0000000604400000, 0x0000000604200000| Complete 
|  28|0x0000000604400000, 0x0000000604600000, 0x0000000604600000|100%| O|  |TAMS 0x0000000604400000, 0x0000000604400000| Untracked 
|  29|0x0000000604600000, 0x0000000604800000, 0x0000000604800000|100%| O|  |TAMS 0x0000000604800000, 0x0000000604600000| Untracked 
|  30|0x0000000604800000, 0x0000000604a00000, 0x0000000604a00000|100%| O|  |TAMS 0x0000000604a00000, 0x0000000604800000| Untracked 
|  31|0x0000000604a00000, 0x0000000604c00000, 0x0000000604c00000|100%| O|  |TAMS 0x0000000604c00000, 0x0000000604a00000| Untracked 
|  32|0x0000000604c00000, 0x0000000604e00000, 0x0000000604e00000|100%| O|  |TAMS 0x0000000604e00000, 0x0000000604c00000| Untracked 
|  33|0x0000000604e00000, 0x0000000605000000, 0x0000000605000000|100%| O|  |TAMS 0x0000000605000000, 0x0000000604e00000| Untracked 
|  34|0x0000000605000000, 0x0000000605200000, 0x0000000605200000|100%| O|  |TAMS 0x0000000605200000, 0x0000000605000000| Untracked 
|  35|0x0000000605200000, 0x0000000605400000, 0x0000000605400000|100%| O|  |TAMS 0x0000000605400000, 0x0000000605200000| Untracked 
|  36|0x0000000605400000, 0x0000000605600000, 0x0000000605600000|100%| O|  |TAMS 0x0000000605600000, 0x0000000605400000| Untracked 
|  37|0x0000000605600000, 0x0000000605800000, 0x0000000605800000|100%| O|  |TAMS 0x0000000605800000, 0x0000000605600000| Untracked 
|  38|0x0000000605800000, 0x0000000605a00000, 0x0000000605a00000|100%| O|  |TAMS 0x0000000605a00000, 0x0000000605800000| Untracked 
|  39|0x0000000605a00000, 0x0000000605c00000, 0x0000000605c00000|100%| O|  |TAMS 0x0000000605c00000, 0x0000000605a00000| Untracked 
|  40|0x0000000605c00000, 0x0000000605e00000, 0x0000000605e00000|100%| O|  |TAMS 0x0000000605e00000, 0x0000000605c00000| Untracked 
|  41|0x0000000605e00000, 0x0000000606000000, 0x0000000606000000|100%| O|  |TAMS 0x0000000606000000, 0x0000000605e00000| Untracked 
|  42|0x0000000606000000, 0x0000000606200000, 0x0000000606200000|100%| O|  |TAMS 0x0000000606200000, 0x0000000606000000| Untracked 
|  43|0x0000000606200000, 0x0000000606400000, 0x0000000606400000|100%| O|  |TAMS 0x0000000606400000, 0x0000000606200000| Untracked 
|  44|0x0000000606400000, 0x0000000606600000, 0x0000000606600000|100%| O|  |TAMS 0x00000006065dee00, 0x0000000606400000| Untracked 
|  45|0x0000000606600000, 0x0000000606800000, 0x0000000606800000|100%| O|  |TAMS 0x0000000606600000, 0x0000000606600000| Untracked 
|  46|0x0000000606800000, 0x0000000606a00000, 0x0000000606a00000|100%| O|  |TAMS 0x0000000606800000, 0x0000000606800000| Untracked 
|  47|0x0000000606a00000, 0x0000000606c00000, 0x0000000606c00000|100%| O|  |TAMS 0x0000000606a00000, 0x0000000606a00000| Untracked 
|  48|0x0000000606c00000, 0x0000000606e00000, 0x0000000606e00000|100%|HS|  |TAMS 0x0000000606e00000, 0x0000000606c00000| Complete 
|  49|0x0000000606e00000, 0x0000000607000000, 0x0000000607000000|100%|HC|  |TAMS 0x0000000607000000, 0x0000000606e00000| Complete 
|  50|0x0000000607000000, 0x0000000607200000, 0x0000000607200000|100%| O|  |TAMS 0x0000000607000000, 0x0000000607000000| Untracked 
|  51|0x0000000607200000, 0x0000000607400000, 0x0000000607400000|100%| O|  |TAMS 0x0000000607200000, 0x0000000607200000| Untracked 
|  52|0x0000000607400000, 0x0000000607600000, 0x0000000607600000|100%| O|  |TAMS 0x0000000607400000, 0x0000000607400000| Untracked 
|  53|0x0000000607600000, 0x0000000607800000, 0x0000000607800000|100%| O|  |TAMS 0x0000000607600000, 0x0000000607600000| Untracked 
|  54|0x0000000607800000, 0x0000000607a00000, 0x0000000607a00000|100%| O|  |TAMS 0x0000000607800000, 0x0000000607800000| Untracked 
|  55|0x0000000607a00000, 0x0000000607c00000, 0x0000000607c00000|100%| O|  |TAMS 0x0000000607a00000, 0x0000000607a00000| Untracked 
|  56|0x0000000607c00000, 0x0000000607e00000, 0x0000000607e00000|100%| O|  |TAMS 0x0000000607c00000, 0x0000000607c00000| Untracked 
|  57|0x0000000607e00000, 0x0000000608000000, 0x0000000608000000|100%| O|  |TAMS 0x0000000607e00000, 0x0000000607e00000| Untracked 
|  58|0x0000000608000000, 0x0000000608200000, 0x0000000608200000|100%| O|  |TAMS 0x0000000608000000, 0x0000000608000000| Untracked 
|  59|0x0000000608200000, 0x0000000608400000, 0x0000000608400000|100%| O|  |TAMS 0x0000000608200000, 0x0000000608200000| Untracked 
|  60|0x0000000608400000, 0x0000000608600000, 0x0000000608600000|100%| O|  |TAMS 0x0000000608400000, 0x0000000608400000| Untracked 
|  61|0x0000000608600000, 0x0000000608800000, 0x0000000608800000|100%| O|  |TAMS 0x0000000608600000, 0x0000000608600000| Untracked 
|  62|0x0000000608800000, 0x0000000608a00000, 0x0000000608a00000|100%| O|  |TAMS 0x0000000608800000, 0x0000000608800000| Untracked 
|  63|0x0000000608a00000, 0x0000000608c00000, 0x0000000608c00000|100%| O|  |TAMS 0x0000000608a00000, 0x0000000608a00000| Untracked 
|  64|0x0000000608c00000, 0x0000000608e00000, 0x0000000608e00000|100%| O|  |TAMS 0x0000000608c00000, 0x0000000608c00000| Untracked 
|  65|0x0000000608e00000, 0x0000000609000000, 0x0000000609000000|100%| O|  |TAMS 0x0000000608e00000, 0x0000000608e00000| Untracked 
|  66|0x0000000609000000, 0x0000000609200000, 0x0000000609200000|100%| O|  |TAMS 0x0000000609000000, 0x0000000609000000| Untracked 
|  67|0x0000000609200000, 0x0000000609400000, 0x0000000609400000|100%| O|  |TAMS 0x0000000609200000, 0x0000000609200000| Untracked 
|  68|0x0000000609400000, 0x0000000609600000, 0x0000000609600000|100%| O|  |TAMS 0x0000000609400000, 0x0000000609400000| Untracked 
|  69|0x0000000609600000, 0x0000000609800000, 0x0000000609800000|100%| O|  |TAMS 0x0000000609600000, 0x0000000609600000| Untracked 
|  70|0x0000000609800000, 0x0000000609800000, 0x0000000609a00000|  0%| F|  |TAMS 0x0000000609800000, 0x0000000609800000| Untracked 
|  71|0x0000000609a00000, 0x0000000609a00000, 0x0000000609c00000|  0%| F|  |TAMS 0x0000000609a00000, 0x0000000609a00000| Untracked 
|  72|0x0000000609c00000, 0x0000000609c00000, 0x0000000609e00000|  0%| F|  |TAMS 0x0000000609c00000, 0x0000000609c00000| Untracked 
|  73|0x0000000609e00000, 0x0000000609e00000, 0x000000060a000000|  0%| F|  |TAMS 0x0000000609e00000, 0x0000000609e00000| Untracked 
|  74|0x000000060a000000, 0x000000060a000000, 0x000000060a200000|  0%| F|  |TAMS 0x000000060a000000, 0x000000060a000000| Untracked 
|  75|0x000000060a200000, 0x000000060a200000, 0x000000060a400000|  0%| F|  |TAMS 0x000000060a200000, 0x000000060a200000| Untracked 
|  76|0x000000060a400000, 0x000000060a400000, 0x000000060a600000|  0%| F|  |TAMS 0x000000060a400000, 0x000000060a400000| Untracked 
|  77|0x000000060a600000, 0x000000060a600000, 0x000000060a800000|  0%| F|  |TAMS 0x000000060a600000, 0x000000060a600000| Untracked 
|  78|0x000000060a800000, 0x000000060a800000, 0x000000060aa00000|  0%| F|  |TAMS 0x000000060a800000, 0x000000060a800000| Untracked 
|  79|0x000000060aa00000, 0x000000060aa00000, 0x000000060ac00000|  0%| F|  |TAMS 0x000000060aa00000, 0x000000060aa00000| Untracked 
|  80|0x000000060ac00000, 0x000000060ac00000, 0x000000060ae00000|  0%| F|  |TAMS 0x000000060ac00000, 0x000000060ac00000| Untracked 
|  81|0x000000060ae00000, 0x000000060ae00000, 0x000000060b000000|  0%| F|  |TAMS 0x000000060ae00000, 0x000000060ae00000| Untracked 
|  82|0x000000060b000000, 0x000000060b000000, 0x000000060b200000|  0%| F|  |TAMS 0x000000060b000000, 0x000000060b000000| Untracked 
|  83|0x000000060b200000, 0x000000060b200000, 0x000000060b400000|  0%| F|  |TAMS 0x000000060b200000, 0x000000060b200000| Untracked 
|  84|0x000000060b400000, 0x000000060b400000, 0x000000060b600000|  0%| F|  |TAMS 0x000000060b400000, 0x000000060b400000| Untracked 
|  85|0x000000060b600000, 0x000000060b600000, 0x000000060b800000|  0%| F|  |TAMS 0x000000060b600000, 0x000000060b600000| Untracked 
|  86|0x000000060b800000, 0x000000060b800000, 0x000000060ba00000|  0%| F|  |TAMS 0x000000060b800000, 0x000000060b800000| Untracked 
|  87|0x000000060ba00000, 0x000000060ba00000, 0x000000060bc00000|  0%| F|  |TAMS 0x000000060ba00000, 0x000000060ba00000| Untracked 
|  88|0x000000060bc00000, 0x000000060bc00000, 0x000000060be00000|  0%| F|  |TAMS 0x000000060bc00000, 0x000000060bc00000| Untracked 
|  89|0x000000060be00000, 0x000000060be00000, 0x000000060c000000|  0%| F|  |TAMS 0x000000060be00000, 0x000000060be00000| Untracked 
|  90|0x000000060c000000, 0x000000060c000000, 0x000000060c200000|  0%| F|  |TAMS 0x000000060c000000, 0x000000060c000000| Untracked 
|  91|0x000000060c200000, 0x000000060c200000, 0x000000060c400000|  0%| F|  |TAMS 0x000000060c200000, 0x000000060c200000| Untracked 
|  92|0x000000060c400000, 0x000000060c400000, 0x000000060c600000|  0%| F|  |TAMS 0x000000060c400000, 0x000000060c400000| Untracked 
|  93|0x000000060c600000, 0x000000060c600000, 0x000000060c800000|  0%| F|  |TAMS 0x000000060c600000, 0x000000060c600000| Untracked 
|  94|0x000000060c800000, 0x000000060c800000, 0x000000060ca00000|  0%| F|  |TAMS 0x000000060c800000, 0x000000060c800000| Untracked 
|  95|0x000000060ca00000, 0x000000060ca00000, 0x000000060cc00000|  0%| F|  |TAMS 0x000000060ca00000, 0x000000060ca00000| Untracked 
|  96|0x000000060cc00000, 0x000000060cc00000, 0x000000060ce00000|  0%| F|  |TAMS 0x000000060cc00000, 0x000000060cc00000| Untracked 
|  97|0x000000060ce00000, 0x000000060ce00000, 0x000000060d000000|  0%| F|  |TAMS 0x000000060ce00000, 0x000000060ce00000| Untracked 
|  98|0x000000060d000000, 0x000000060d000000, 0x000000060d200000|  0%| F|  |TAMS 0x000000060d000000, 0x000000060d000000| Untracked 
|  99|0x000000060d200000, 0x000000060d200000, 0x000000060d400000|  0%| F|  |TAMS 0x000000060d200000, 0x000000060d200000| Untracked 
| 100|0x000000060d400000, 0x000000060d400000, 0x000000060d600000|  0%| F|  |TAMS 0x000000060d400000, 0x000000060d400000| Untracked 
| 101|0x000000060d600000, 0x000000060d600000, 0x000000060d800000|  0%| F|  |TAMS 0x000000060d600000, 0x000000060d600000| Untracked 
| 102|0x000000060d800000, 0x000000060d800000, 0x000000060da00000|  0%| F|  |TAMS 0x000000060d800000, 0x000000060d800000| Untracked 
| 103|0x000000060da00000, 0x000000060da00000, 0x000000060dc00000|  0%| F|  |TAMS 0x000000060da00000, 0x000000060da00000| Untracked 
| 104|0x000000060dc00000, 0x000000060dc00000, 0x000000060de00000|  0%| F|  |TAMS 0x000000060dc00000, 0x000000060dc00000| Untracked 
| 105|0x000000060de00000, 0x000000060de00000, 0x000000060e000000|  0%| F|  |TAMS 0x000000060de00000, 0x000000060de00000| Untracked 
| 106|0x000000060e000000, 0x000000060e000000, 0x000000060e200000|  0%| F|  |TAMS 0x000000060e000000, 0x000000060e000000| Untracked 
| 107|0x000000060e200000, 0x000000060e200000, 0x000000060e400000|  0%| F|  |TAMS 0x000000060e200000, 0x000000060e200000| Untracked 
| 108|0x000000060e400000, 0x000000060e400000, 0x000000060e600000|  0%| F|  |TAMS 0x000000060e400000, 0x000000060e400000| Untracked 
| 109|0x000000060e600000, 0x000000060e600000, 0x000000060e800000|  0%| F|  |TAMS 0x000000060e600000, 0x000000060e600000| Untracked 
| 110|0x000000060e800000, 0x000000060e800000, 0x000000060ea00000|  0%| F|  |TAMS 0x000000060e800000, 0x000000060e800000| Untracked 
| 111|0x000000060ea00000, 0x000000060ec00000, 0x000000060ec00000|100%| S|CS|TAMS 0x000000060ea00000, 0x000000060ea00000| Complete 
| 112|0x000000060ec00000, 0x000000060ee00000, 0x000000060ee00000|100%| S|CS|TAMS 0x000000060ec00000, 0x000000060ec00000| Complete 
| 113|0x000000060ee00000, 0x000000060f000000, 0x000000060f000000|100%| S|CS|TAMS 0x000000060ee00000, 0x000000060ee00000| Complete 
| 114|0x000000060f000000, 0x000000060f200000, 0x000000060f200000|100%| S|CS|TAMS 0x000000060f000000, 0x000000060f000000| Complete 
| 115|0x000000060f200000, 0x000000060f400000, 0x000000060f400000|100%| S|CS|TAMS 0x000000060f200000, 0x000000060f200000| Complete 
| 116|0x000000060f400000, 0x000000060f400000, 0x000000060f600000|  0%| F|  |TAMS 0x000000060f400000, 0x000000060f400000| Untracked 
| 117|0x000000060f600000, 0x000000060f600000, 0x000000060f800000|  0%| F|  |TAMS 0x000000060f600000, 0x000000060f600000| Untracked 
| 118|0x000000060f800000, 0x000000060f800000, 0x000000060fa00000|  0%| F|  |TAMS 0x000000060f800000, 0x000000060f800000| Untracked 
| 119|0x000000060fa00000, 0x000000060fa00000, 0x000000060fc00000|  0%| F|  |TAMS 0x000000060fa00000, 0x000000060fa00000| Untracked 
| 120|0x000000060fc00000, 0x000000060fc00000, 0x000000060fe00000|  0%| F|  |TAMS 0x000000060fc00000, 0x000000060fc00000| Untracked 
| 121|0x000000060fe00000, 0x000000060fe00000, 0x0000000610000000|  0%| F|  |TAMS 0x000000060fe00000, 0x000000060fe00000| Untracked 
| 122|0x0000000610000000, 0x0000000610000000, 0x0000000610200000|  0%| F|  |TAMS 0x0000000610000000, 0x0000000610000000| Untracked 
| 123|0x0000000610200000, 0x0000000610200000, 0x0000000610400000|  0%| F|  |TAMS 0x0000000610200000, 0x0000000610200000| Untracked 
| 124|0x0000000610400000, 0x0000000610400000, 0x0000000610600000|  0%| F|  |TAMS 0x0000000610400000, 0x0000000610400000| Untracked 
| 125|0x0000000610600000, 0x0000000610600000, 0x0000000610800000|  0%| F|  |TAMS 0x0000000610600000, 0x0000000610600000| Untracked 
| 126|0x0000000610800000, 0x0000000610800000, 0x0000000610a00000|  0%| F|  |TAMS 0x0000000610800000, 0x0000000610800000| Untracked 
| 127|0x0000000610a00000, 0x0000000610a00000, 0x0000000610c00000|  0%| F|  |TAMS 0x0000000610a00000, 0x0000000610a00000| Untracked 
| 128|0x0000000610c00000, 0x0000000610c00000, 0x0000000610e00000|  0%| F|  |TAMS 0x0000000610c00000, 0x0000000610c00000| Untracked 
| 129|0x0000000610e00000, 0x0000000610e00000, 0x0000000611000000|  0%| F|  |TAMS 0x0000000610e00000, 0x0000000610e00000| Untracked 
| 130|0x0000000611000000, 0x0000000611000000, 0x0000000611200000|  0%| F|  |TAMS 0x0000000611000000, 0x0000000611000000| Untracked 
| 131|0x0000000611200000, 0x0000000611200000, 0x0000000611400000|  0%| F|  |TAMS 0x0000000611200000, 0x0000000611200000| Untracked 
| 132|0x0000000611400000, 0x0000000611400000, 0x0000000611600000|  0%| F|  |TAMS 0x0000000611400000, 0x0000000611400000| Untracked 
| 133|0x0000000611600000, 0x0000000611600000, 0x0000000611800000|  0%| F|  |TAMS 0x0000000611600000, 0x0000000611600000| Untracked 
| 134|0x0000000611800000, 0x0000000611800000, 0x0000000611a00000|  0%| F|  |TAMS 0x0000000611800000, 0x0000000611800000| Untracked 
| 135|0x0000000611a00000, 0x0000000611a00000, 0x0000000611c00000|  0%| F|  |TAMS 0x0000000611a00000, 0x0000000611a00000| Untracked 
| 136|0x0000000611c00000, 0x0000000611c00000, 0x0000000611e00000|  0%| F|  |TAMS 0x0000000611c00000, 0x0000000611c00000| Untracked 
| 137|0x0000000611e00000, 0x0000000611e00000, 0x0000000612000000|  0%| F|  |TAMS 0x0000000611e00000, 0x0000000611e00000| Untracked 
| 138|0x0000000612000000, 0x0000000612000000, 0x0000000612200000|  0%| F|  |TAMS 0x0000000612000000, 0x0000000612000000| Untracked 
| 139|0x0000000612200000, 0x0000000612200000, 0x0000000612400000|  0%| F|  |TAMS 0x0000000612200000, 0x0000000612200000| Untracked 
| 140|0x0000000612400000, 0x0000000612400000, 0x0000000612600000|  0%| F|  |TAMS 0x0000000612400000, 0x0000000612400000| Untracked 
| 141|0x0000000612600000, 0x0000000612600000, 0x0000000612800000|  0%| F|  |TAMS 0x0000000612600000, 0x0000000612600000| Untracked 
| 142|0x0000000612800000, 0x0000000612800000, 0x0000000612a00000|  0%| F|  |TAMS 0x0000000612800000, 0x0000000612800000| Untracked 
| 143|0x0000000612a00000, 0x0000000612a00000, 0x0000000612c00000|  0%| F|  |TAMS 0x0000000612a00000, 0x0000000612a00000| Untracked 
| 144|0x0000000612c00000, 0x0000000612c00000, 0x0000000612e00000|  0%| F|  |TAMS 0x0000000612c00000, 0x0000000612c00000| Untracked 
| 145|0x0000000612e00000, 0x0000000612e00000, 0x0000000613000000|  0%| F|  |TAMS 0x0000000612e00000, 0x0000000612e00000| Untracked 
| 146|0x0000000613000000, 0x0000000613000000, 0x0000000613200000|  0%| F|  |TAMS 0x0000000613000000, 0x0000000613000000| Untracked 
| 147|0x0000000613200000, 0x0000000613200000, 0x0000000613400000|  0%| F|  |TAMS 0x0000000613200000, 0x0000000613200000| Untracked 
| 255|0x0000000620a00000, 0x0000000620a3a7c0, 0x0000000620c00000| 11%| E|  |TAMS 0x0000000620a00000, 0x0000000620a00000| Complete 

Card table byte_map: [0x00000224562f0000,0x00000224572f0000] _byte_map_base: 0x00000224532ea000

Marking Bits (Prev, Next): (CMBitMap*) 0x000002243b9ecef8, (CMBitMap*) 0x000002243b9eceb8
 Prev Bits: [0x00000224602c0000, 0x0000022468290000)
 Next Bits: [0x00000224582f0000, 0x00000224602c0000)

Polling page: 0x000002243b790000

Metaspace:

Usage:
  Non-class:     55.11 MB capacity,    53.97 MB ( 98%) used,   926.38 KB (  2%) free+waste,   247.00 KB ( <1%) overhead. 
      Class:      7.25 MB capacity,     6.50 MB ( 90%) used,   661.09 KB (  9%) free+waste,   111.88 KB (  2%) overhead. 
       Both:     62.37 MB capacity,    60.47 MB ( 97%) used,     1.55 MB (  2%) free+waste,   358.88 KB ( <1%) overhead. 

Virtual space:
  Non-class space:       56.00 MB reserved,      55.13 MB ( 98%) committed 
      Class space:        1.00 GB reserved,       7.38 MB ( <1%) committed 
             Both:        1.05 GB reserved,      62.50 MB (  6%) committed 

Chunk freelists:
   Non-Class:  15.00 KB
       Class:  0 bytes
        Both:  15.00 KB

MaxMetaspaceSize: 17179869184.00 GB
CompressedClassSpaceSize: 1.00 GB

CodeHeap 'non-profiled nmethods': size=120000Kb used=7016Kb max_used=7233Kb free=112983Kb
 bounds [0x000002244d140000, 0x000002244d870000, 0x0000022454670000]
CodeHeap 'profiled nmethods': size=120000Kb used=25602Kb max_used=26601Kb free=94398Kb
 bounds [0x0000022445c10000, 0x0000022447720000, 0x000002244d140000]
CodeHeap 'non-nmethods': size=5760Kb used=1669Kb max_used=1782Kb free=4090Kb
 bounds [0x0000022445670000, 0x00000224458e0000, 0x0000022445c10000]
 total_blobs=13408 nmethods=7679 adapters=854
 compilation: enabled
              stopped_count=0, restarted_count=0
 full_count=0

Compilation events (20 events):
Event: 242.293 Thread 0x000002246b98f800 nmethod 9428 0x000002244757a010 code [0x000002244757a1a0, 0x000002244757a338]
Event: 242.293 Thread 0x000002246b98f800 9431       2       com.google.common.cache.LocalCache::nullifyAccessOrder (19 bytes)
Event: 242.293 Thread 0x000002246b98f800 nmethod 9431 0x00000224467e8f10 code [0x00000224467e90c0, 0x00000224467e9260]
Event: 242.293 Thread 0x000002246b98f800 9430       2       com.google.common.cache.LocalCache$EntryFactory$2::copyEntry (19 bytes)
Event: 242.293 Thread 0x000002246b98f800 nmethod 9430 0x0000022447163c10 code [0x0000022447163de0, 0x00000224471640c0]
Event: 242.293 Thread 0x000002246b98f800 9429       1       com.google.common.cache.RemovalCause$5::wasEvicted (2 bytes)
Event: 242.293 Thread 0x000002246b98f800 nmethod 9429 0x000002244d4d4190 code [0x000002244d4d4320, 0x000002244d4d4458]
Event: 242.295 Thread 0x000002246b98f800 9434       2       com.sun.crypto.provider.AESCrypt::encryptBlock (10 bytes)
Event: 242.295 Thread 0x000002246b98f800 nmethod 9434 0x000002244682d090 code [0x000002244682d240, 0x000002244682d410]
Event: 242.295 Thread 0x000002246b98f800 9435       2       com.sun.crypto.provider.GHASH::processBlock (31 bytes)
Event: 242.295 Thread 0x000002246b98f800 nmethod 9435 0x00000224470cea90 code [0x00000224470cec60, 0x00000224470ceeb0]
Event: 242.295 Thread 0x000002246b98f800 9436       2       okio.RealBufferedSource::readByte (13 bytes)
Event: 242.296 Thread 0x000002246b98f800 nmethod 9436 0x0000022445f58710 code [0x0000022445f588e0, 0x0000022445f58b70]
Event: 242.296 Thread 0x000002246b98f800 9437       1       net.runelite.client.plugins.timetracking.clocks.Clock::isActive (5 bytes)
Event: 242.296 Thread 0x000002247b022800 nmethod 9365 0x000002244d6f7f10 code [0x000002244d6f81c0, 0x000002244d6faaf0]
Event: 242.296 Thread 0x000002246b98f800 nmethod 9437 0x000002244d4d3e10 code [0x000002244d4d3fa0, 0x000002244d4d40d8]
Event: 242.296 Thread 0x000002246b98f800 9438       2       net.runelite.client.plugins.timetracking.TimeTrackingPlugin$$Lambda$893/0x00000008011ba840::run (8 bytes)
Event: 242.296 Thread 0x000002247b022800 9426   !   4       dh::run (67 bytes)
Event: 242.296 Thread 0x000002246b98f800 nmethod 9438 0x0000022446831b90 code [0x0000022446831d40, 0x0000022446831ef0]
Event: 242.296 Thread 0x000002246b98f800 9439       2       net.runelite.client.plugins.timetracking.TimeTrackingPlugin::updatePanel (82 bytes)

GC Heap History (20 events):
Event: 2.604 GC heap before
{Heap before GC invocations=10 (full 0):
 garbage-first heap   total 40960K, used 25286K [0x0000000600c00000, 0x0000000800000000)
  region size 2048K, 10 young (20480K), 1 survivors (2048K)
 Metaspace       used 27188K, capacity 27741K, committed 27952K, reserved 1075200K
  class space    used 2730K, capacity 2944K, committed 2944K, reserved 1048576K
}
Event: 2.605 GC heap after
{Heap after GC invocations=11 (full 0):
 garbage-first heap   total 40960K, used 8739K [0x0000000600c00000, 0x0000000800000000)
  region size 2048K, 1 young (2048K), 1 survivors (2048K)
 Metaspace       used 27188K, capacity 27741K, committed 27952K, reserved 1075200K
  class space    used 2730K, capacity 2944K, committed 2944K, reserved 1048576K
}
Event: 2.640 GC heap before
{Heap before GC invocations=11 (full 0):
 garbage-first heap   total 40960K, used 25123K [0x0000000600c00000, 0x0000000800000000)
  region size 2048K, 10 young (20480K), 1 survivors (2048K)
 Metaspace       used 27415K, capacity 27965K, committed 28336K, reserved 1075200K
  class space    used 2747K, capacity 2976K, committed 3072K, reserved 1048576K
}
Event: 2.641 GC heap after
{Heap after GC invocations=12 (full 0):
 garbage-first heap   total 40960K, used 8583K [0x0000000600c00000, 0x0000000800000000)
  region size 2048K, 1 young (2048K), 1 survivors (2048K)
 Metaspace       used 27415K, capacity 27965K, committed 28336K, reserved 1075200K
  class space    used 2747K, capacity 2976K, committed 3072K, reserved 1048576K
}
Event: 2.675 GC heap before
{Heap before GC invocations=12 (full 0):
 garbage-first heap   total 40960K, used 24967K [0x0000000600c00000, 0x0000000800000000)
  region size 2048K, 10 young (20480K), 1 survivors (2048K)
 Metaspace       used 27952K, capacity 28509K, committed 28848K, reserved 1075200K
  class space    used 2767K, capacity 3008K, committed 3072K, reserved 1048576K
}
Event: 2.677 GC heap after
{Heap after GC invocations=13 (full 0):
 garbage-first heap   total 282624K, used 8849K [0x0000000600c00000, 0x0000000800000000)
  region size 2048K, 1 young (2048K), 1 survivors (2048K)
 Metaspace       used 27952K, capacity 28509K, committed 28848K, reserved 1075200K
  class space    used 2767K, capacity 3008K, committed 3072K, reserved 1048576K
}
Event: 3.173 GC heap before
{Heap before GC invocations=13 (full 0):
 garbage-first heap   total 282624K, used 146065K [0x0000000600c00000, 0x0000000800000000)
  region size 2048K, 69 young (141312K), 1 survivors (2048K)
 Metaspace       used 30906K, capacity 31362K, committed 31536K, reserved 1077248K
  class space    used 2970K, capacity 3175K, committed 3200K, reserved 1048576K
}
Event: 3.183 GC heap after
{Heap after GC invocations=14 (full 0):
 garbage-first heap   total 282624K, used 50187K [0x0000000600c00000, 0x0000000800000000)
  region size 2048K, 9 young (18432K), 9 survivors (18432K)
 Metaspace       used 30906K, capacity 31362K, committed 31536K, reserved 1077248K
  class space    used 2970K, capacity 3175K, committed 3200K, reserved 1048576K
}
Event: 4.042 GC heap before
{Heap before GC invocations=14 (full 0):
 garbage-first heap   total 282624K, used 76811K [0x0000000600c00000, 0x0000000800000000)
  region size 2048K, 23 young (47104K), 9 survivors (18432K)
 Metaspace       used 35362K, capacity 35797K, committed 35920K, reserved 1081344K
  class space    used 3609K, capacity 3822K, committed 3840K, reserved 1048576K
}
Event: 4.050 GC heap after
{Heap after GC invocations=15 (full 0):
 garbage-first heap   total 282624K, used 52924K [0x0000000600c00000, 0x0000000800000000)
  region size 2048K, 2 young (4096K), 2 survivors (4096K)
 Metaspace       used 35362K, capacity 35797K, committed 35920K, reserved 1081344K
  class space    used 3609K, capacity 3822K, committed 3840K, reserved 1048576K
}
Event: 6.216 GC heap before
{Heap before GC invocations=16 (full 0):
 garbage-first heap   total 198656K, used 147132K [0x0000000600c00000, 0x0000000800000000)
  region size 2048K, 46 young (94208K), 2 survivors (4096K)
 Metaspace       used 51476K, capacity 52406K, committed 52528K, reserved 1095680K
  class space    used 5544K, capacity 5901K, committed 6016K, reserved 1048576K
}
Event: 6.227 GC heap after
{Heap after GC invocations=17 (full 0):
 garbage-first heap   total 198656K, used 68389K [0x0000000600c00000, 0x0000000800000000)
  region size 2048K, 6 young (12288K), 6 survivors (12288K)
 Metaspace       used 51476K, capacity 52406K, committed 52528K, reserved 1095680K
  class space    used 5544K, capacity 5901K, committed 6016K, reserved 1048576K
}
Event: 7.046 GC heap before
{Heap before GC invocations=17 (full 0):
 garbage-first heap   total 198656K, used 117541K [0x0000000600c00000, 0x0000000800000000)
  region size 2048K, 31 young (63488K), 6 survivors (12288K)
 Metaspace       used 55558K, capacity 57006K, committed 57136K, reserved 1099776K
  class space    used 6172K, capacity 6740K, committed 6784K, reserved 1048576K
}
Event: 7.056 GC heap after
{Heap after GC invocations=18 (full 0):
 garbage-first heap   total 305152K, used 76487K [0x0000000600c00000, 0x0000000800000000)
  region size 2048K, 4 young (8192K), 4 survivors (8192K)
 Metaspace       used 55558K, capacity 57006K, committed 57136K, reserved 1099776K
  class space    used 6172K, capacity 6740K, committed 6784K, reserved 1048576K
}
Event: 7.415 GC heap before
{Heap before GC invocations=18 (full 0):
 garbage-first heap   total 305152K, used 162503K [0x0000000600c00000, 0x0000000800000000)
  region size 2048K, 47 young (96256K), 4 survivors (8192K)
 Metaspace       used 56402K, capacity 58064K, committed 58160K, reserved 1099776K
  class space    used 6302K, capacity 6987K, committed 7040K, reserved 1048576K
}
Event: 7.428 GC heap after
{Heap after GC invocations=19 (full 0):
 garbage-first heap   total 305152K, used 101131K [0x0000000600c00000, 0x0000000800000000)
  region size 2048K, 6 young (12288K), 6 survivors (12288K)
 Metaspace       used 56402K, capacity 58064K, committed 58160K, reserved 1099776K
  class space    used 6302K, capacity 6987K, committed 7040K, reserved 1048576K
}
Event: 8.771 GC heap before
{Heap before GC invocations=19 (full 0):
 garbage-first heap   total 305152K, used 156427K [0x0000000600c00000, 0x0000000800000000)
  region size 2048K, 30 young (61440K), 6 survivors (12288K)
 Metaspace       used 58571K, capacity 60384K, committed 60420K, reserved 1101824K
  class space    used 6531K, capacity 7285K, committed 7296K, reserved 1048576K
}
Event: 8.784 GC heap after
{Heap after GC invocations=20 (full 0):
 garbage-first heap   total 305152K, used 118601K [0x0000000600c00000, 0x0000000800000000)
  region size 2048K, 6 young (12288K), 6 survivors (12288K)
 Metaspace       used 58571K, capacity 60384K, committed 60420K, reserved 1101824K
  class space    used 6531K, capacity 7285K, committed 7296K, reserved 1048576K
}
Event: 25.695 GC heap before
{Heap before GC invocations=21 (full 0):
 garbage-first heap   total 305152K, used 192329K [0x0000000600c00000, 0x0000000800000000)
  region size 2048K, 42 young (86016K), 6 survivors (12288K)
 Metaspace       used 59942K, capacity 61892K, committed 62084K, reserved 1103872K
  class space    used 6570K, capacity 7363K, committed 7424K, reserved 1048576K
}
Event: 25.708 GC heap after
{Heap after GC invocations=22 (full 0):
 garbage-first heap   total 305152K, used 133077K [0x0000000600c00000, 0x0000000800000000)
  region size 2048K, 6 young (12288K), 6 survivors (12288K)
 Metaspace       used 59942K, capacity 61892K, committed 62084K, reserved 1103872K
  class space    used 6570K, capacity 7363K, committed 7424K, reserved 1048576K
}

Deoptimization events (20 events):
Event: 242.281 Thread 0x000002247e885800 DEOPT PACKING pc=0x000002244d5964d0 sp=0x000000422021e250
Event: 242.281 Thread 0x000002247e885800 DEOPT UNPACKING pc=0x00000224456b912f sp=0x000000422021e1a0 mode 2
Event: 242.282 Thread 0x000002247e885800 DEOPT PACKING pc=0x0000022446c49d61 sp=0x000000422021e580
Event: 242.282 Thread 0x000002247e885800 DEOPT UNPACKING pc=0x00000224456b964e sp=0x000000422021dad8 mode 0
Event: 242.287 Thread 0x000002247e885800 DEOPT PACKING pc=0x0000022446c49d61 sp=0x000000422021e720
Event: 242.287 Thread 0x000002247e885800 DEOPT UNPACKING pc=0x00000224456b964e sp=0x000000422021dc78 mode 0
Event: 242.288 Thread 0x000002247e885800 DEOPT PACKING pc=0x0000022446c49d61 sp=0x000000422021e170
Event: 242.288 Thread 0x000002247e885800 DEOPT UNPACKING pc=0x00000224456b964e sp=0x000000422021d6c8 mode 0
Event: 242.294 Thread 0x000002247e885800 DEOPT PACKING pc=0x000002244615e1cc sp=0x000000422021ab90
Event: 242.294 Thread 0x000002247e885800 DEOPT UNPACKING pc=0x00000224456b964e sp=0x000000422021a080 mode 1
Event: 242.294 Thread 0x000002247e885800 DEOPT PACKING pc=0x00000224461675dc sp=0x000000422021acc0
Event: 242.294 Thread 0x000002247e885800 DEOPT UNPACKING pc=0x00000224456b964e sp=0x000000422021a080 mode 1
Event: 242.295 Thread 0x000002247e885800 DEOPT PACKING pc=0x00000224465bf9ac sp=0x000000422021ae70
Event: 242.295 Thread 0x000002247e885800 DEOPT UNPACKING pc=0x00000224456b964e sp=0x000000422021a378 mode 1
Event: 242.295 Thread 0x000002247e885800 DEOPT PACKING pc=0x000002244615e1cc sp=0x000000422021a800
Event: 242.295 Thread 0x000002247e885800 DEOPT UNPACKING pc=0x00000224456b964e sp=0x0000004220219cf0 mode 1
Event: 242.295 Thread 0x000002247e885800 DEOPT PACKING pc=0x00000224461675dc sp=0x000000422021a930
Event: 242.295 Thread 0x000002247e885800 DEOPT UNPACKING pc=0x00000224456b964e sp=0x0000004220219cf0 mode 1
Event: 242.295 Thread 0x000002247e885800 DEOPT PACKING pc=0x000002244d28c418 sp=0x000000422021aae0
Event: 242.295 Thread 0x000002247e885800 DEOPT UNPACKING pc=0x00000224456b964e sp=0x0000004220219f68 mode 1

Classes unloaded (0 events):
No events

Classes redefined (0 events):
No events

Internal exceptions (20 events):
Event: 24.903 Thread 0x000002247e885800 Exception <a 'java/lang/NullPointerException'{0x0000000611515748}> (0x0000000611515748) 
thrown [t:/workspace/open/src/hotspot/share/interpreter/linkResolver.cpp, line 1349]
Event: 24.978 Thread 0x000002247e885800 Exception <a 'java/lang/NoSuchMethodError'{0x00000006111ddd58}: 'java.lang.Object java.lang.invoke.DirectMethodHandle$Holder.invokeStatic(java.lang.Object, java.lang.Object, java.lang.Object, java.lang.Object, java.lang.Object, int)'> (0x00000006111ddd58) 
thrown [t:/workspace/open/src/hotspot/share/interpreter/linkResolver.cpp, line 767]
Event: 24.979 Thread 0x000002247e885800 Exception <a 'java/lang/NoSuchMethodError'{0x00000006111e1580}: 'java.lang.Object java.lang.invoke.DirectMethodHandle$Holder.invokeSpecial(java.lang.Object, java.lang.Object, java.lang.Object, java.lang.Object, java.lang.Object, java.lang.Object, int)'> (0x00000006111e1580) 
thrown [t:/workspace/open/src/hotspot/share/interpreter/linkResolver.cpp, line 767]
Event: 25.830 Thread 0x000002247e885800 Exception <a 'java/lang/NullPointerException'{0x00000006133fbf80}> (0x00000006133fbf80) 
thrown [t:/workspace/open/src/hotspot/share/interpreter/linkResolver.cpp, line 1349]
Event: 25.859 Thread 0x000002247e885800 Implicit null exception at 0x000002244d62dae4 to 0x000002244d62ddd2
Event: 26.072 Thread 0x000002247e885800 Implicit null exception at 0x000002244d62eb30 to 0x000002244d62edb6
Event: 26.131 Thread 0x000002247e885800 Exception <a 'java/lang/NoSuchMethodError'{0x0000000612070a78}: 'void java.lang.invoke.DirectMethodHandle$Holder.invokeSpecial(java.lang.Object, java.lang.Object, int)'> (0x0000000612070a78) 
thrown [t:/workspace/open/src/hotspot/share/interpreter/linkResolver.cpp, line 767]
Event: 26.407 Thread 0x000002247e885800 Exception <a 'java/lang/NullPointerException'{0x000000061154bf70}> (0x000000061154bf70) 
thrown [t:/workspace/open/src/hotspot/share/interpreter/linkResolver.cpp, line 1431]
Event: 26.602 Thread 0x000002247e885800 Exception <a 'java/lang/NullPointerException'{0x0000000610e90318}> (0x0000000610e90318) 
thrown [t:/workspace/open/src/hotspot/share/interpreter/linkResolver.cpp, line 1431]
Event: 27.216 Thread 0x000002247e885800 Exception <a 'java/lang/NullPointerException'{0x0000000610efc618}> (0x0000000610efc618) 
thrown [t:/workspace/open/src/hotspot/share/interpreter/linkResolver.cpp, line 1431]
Event: 27.839 Thread 0x000002247e885800 Exception <a 'java/lang/NullPointerException'{0x0000000610ca28c8}> (0x0000000610ca28c8) 
thrown [t:/workspace/open/src/hotspot/share/interpreter/linkResolver.cpp, line 1431]
Event: 28.475 Thread 0x000002247e885800 Exception <a 'java/lang/NullPointerException'{0x0000000610d8e758}> (0x0000000610d8e758) 
thrown [t:/workspace/open/src/hotspot/share/interpreter/linkResolver.cpp, line 1431]
Event: 29.075 Thread 0x000002247e885800 Implicit null exception at 0x000002244d75b720 to 0x000002244d75e896
Event: 29.076 Thread 0x000002247e885800 Exception <a 'java/lang/NullPointerException'{0x0000000610b2c488}> (0x0000000610b2c488) 
thrown [t:/workspace/open/src/hotspot/share/interpreter/linkResolver.cpp, line 1431]
Event: 29.901 Thread 0x000002247e885800 Implicit null exception at 0x000002244d7a54d3 to 0x000002244d7a8df6
Event: 29.914 Thread 0x000002247e885800 Exception <a 'java/lang/NullPointerException'{0x0000000610630aa8}> (0x0000000610630aa8) 
thrown [t:/workspace/open/src/hotspot/share/interpreter/linkResolver.cpp, line 1431]
Event: 30.341 Thread 0x000002247e885800 Exception <a 'java/lang/NoSuchMethodError'{0x000000060fd8c460}: 'java.lang.Object java.lang.invoke.Invokers$Holder.linkToTargetMethod(java.lang.Object, java.lang.Object, java.lang.Object, java.lang.Object, java.lang.Object, java.lang.Object)'> (0x000000060fd8c460) 
thrown [t:/workspace/open/src/hotspot/share/interpreter/linkResolver.cpp, line 767]
Event: 30.359 Thread 0x000002247e885800 Exception <a 'java/lang/NoSuchMethodError'{0x000000060fa335d0}: 'void java.lang.invoke.DirectMethodHandle$Holder.invokeSpecial(java.lang.Object, java.lang.Object, java.lang.Object, java.lang.Object, java.lang.Object, java.lang.Object)'> (0x000000060fa335d0) 
thrown [t:/workspace/open/src/hotspot/share/interpreter/linkResolver.cpp, line 767]
Event: 242.294 Thread 0x000002247e885800 Exception <a 'java/io/FileNotFoundException'{0x000000060f560b70}> (0x000000060f560b70) 
thrown [t:/workspace/open/src/hotspot/share/prims/jni.cpp, line 598]
Event: 242.295 Thread 0x000002247e885800 Exception <a 'java/io/FileNotFoundException'{0x000000060f562698}> (0x000000060f562698) 
thrown [t:/workspace/open/src/hotspot/share/prims/jni.cpp, line 598]

Events (20 events):
Event: 242.257 Executing VM operation: RevokeBias done
Event: 242.257 Executing VM operation: RevokeBias
Event: 242.257 Executing VM operation: RevokeBias done
Event: 242.257 Executing VM operation: RevokeBias
Event: 242.257 Executing VM operation: RevokeBias done
Event: 242.257 Executing VM operation: BulkRevokeBias
Event: 242.258 Executing VM operation: BulkRevokeBias done
Event: 242.258 Executing VM operation: BulkRevokeBias
Event: 242.258 Executing VM operation: BulkRevokeBias done
Event: 242.259 Executing VM operation: RevokeBias
Event: 242.259 Executing VM operation: RevokeBias done
Event: 242.261 Thread 0x000002247e88d800 Thread exited: 0x000002247e88d800
Event: 242.292 loading class net/runelite/client/ui/overlay/components/TooltipComponent
Event: 242.292 loading class net/runelite/client/ui/overlay/components/TooltipComponent done
Event: 242.294 Executing VM operation: RevokeBias
Event: 242.295 Executing VM operation: RevokeBias done
Event: 242.295 loading class java/nio/channels/ClosedChannelException
Event: 242.295 loading class java/nio/channels/ClosedChannelException done
Event: 242.296 loading class sun/font/NullFontScaler
Event: 242.296 loading class sun/font/NullFontScaler done


Dynamic libraries:
0x00007ff6756f0000 - 0x00007ff6756ff000 	C:\Program Files\Java\jdk-13\bin\java.exe
0x00007fffe6620000 - 0x00007fffe6810000 	C:\WINDOWS\SYSTEM32\ntdll.dll
0x00007fffe6450000 - 0x00007fffe6502000 	C:\WINDOWS\System32\KERNEL32.DLL
0x00007fffe3f60000 - 0x00007fffe4204000 	C:\WINDOWS\System32\KERNELBASE.dll
0x00007fffe4210000 - 0x00007fffe430a000 	C:\WINDOWS\System32\ucrtbase.dll
0x00007fffdda20000 - 0x00007fffdda38000 	C:\Program Files\Java\jdk-13\bin\jli.dll
0x00007fffe49b0000 - 0x00007fffe4a53000 	C:\WINDOWS\System32\ADVAPI32.dll
0x00007fffdd2a0000 - 0x00007fffdd2b5000 	C:\Program Files\Java\jdk-13\bin\VCRUNTIME140.dll
0x00007fffe46f0000 - 0x00007fffe478e000 	C:\WINDOWS\System32\msvcrt.dll
0x00007fffe57b0000 - 0x00007fffe5847000 	C:\WINDOWS\System32\sechost.dll
0x00007fffe4b80000 - 0x00007fffe4ca0000 	C:\WINDOWS\System32\RPCRT4.dll
0x00007fffe4790000 - 0x00007fffe4924000 	C:\WINDOWS\System32\USER32.dll
0x00007fffcac30000 - 0x00007fffcaeb4000 	C:\WINDOWS\WinSxS\amd64_microsoft.windows.common-controls_6595b64144ccf1df_6.0.18362.836_none_e6c4b943130f18ed\COMCTL32.dll
0x00007fffe3760000 - 0x00007fffe3781000 	C:\WINDOWS\System32\win32u.dll
0x00007fffe5930000 - 0x00007fffe5c66000 	C:\WINDOWS\System32\combase.dll
0x00007fffe5460000 - 0x00007fffe5486000 	C:\WINDOWS\System32\GDI32.dll
0x00007fffe4340000 - 0x00007fffe44d4000 	C:\WINDOWS\System32\gdi32full.dll
0x00007fffe4500000 - 0x00007fffe4580000 	C:\WINDOWS\System32\bcryptPrimitives.dll
0x00007fffe4580000 - 0x00007fffe461e000 	C:\WINDOWS\System32\msvcp_win.dll
0x00007fffdf070000 - 0x00007fffdf07a000 	C:\WINDOWS\SYSTEM32\VERSION.dll
0x00007fffe6410000 - 0x00007fffe643e000 	C:\WINDOWS\System32\IMM32.DLL
0x00007fff9a990000 - 0x00007fff9aa2b000 	C:\Program Files\Java\jdk-13\bin\msvcp140.dll
0x00007fff80fc0000 - 0x00007fff81b26000 	C:\Program Files\Java\jdk-13\bin\server\jvm.dll
0x00007fffe6400000 - 0x00007fffe6408000 	C:\WINDOWS\System32\PSAPI.DLL
0x00007fffd11d0000 - 0x00007fffd11d9000 	C:\WINDOWS\SYSTEM32\WSOCK32.dll
0x00007fffd5a60000 - 0x00007fffd5a84000 	C:\WINDOWS\SYSTEM32\WINMM.dll
0x00007fffe53f0000 - 0x00007fffe545f000 	C:\WINDOWS\System32\WS2_32.dll
0x00007fffd59e0000 - 0x00007fffd5a0d000 	C:\WINDOWS\SYSTEM32\WINMMBASE.dll
0x00007fffe3f10000 - 0x00007fffe3f5a000 	C:\WINDOWS\System32\cfgmgr32.dll
0x00007fffe3510000 - 0x00007fffe3521000 	C:\WINDOWS\System32\kernel.appcore.dll
0x00007fffdda10000 - 0x00007fffdda20000 	C:\Program Files\Java\jdk-13\bin\verify.dll
0x00007fffde4d0000 - 0x00007fffde6c4000 	C:\WINDOWS\SYSTEM32\DBGHELP.DLL
0x00007fffde220000 - 0x00007fffde24a000 	C:\WINDOWS\SYSTEM32\dbgcore.DLL
0x00007fffbfe30000 - 0x00007fffbfe56000 	C:\Program Files\Java\jdk-13\bin\java.dll
0x00007fffc0180000 - 0x00007fffc01b8000 	C:\Program Files\Java\jdk-13\bin\jdwp.dll
0x00007fffdf440000 - 0x00007fffdf44e000 	C:\Program Files\Java\jdk-13\bin\instrument.dll
0x00007fffdd280000 - 0x00007fffdd297000 	C:\Program Files\Java\jdk-13\bin\zip.dll
0x00007fffdd0c0000 - 0x00007fffdd0ca000 	C:\Program Files\Java\jdk-13\bin\jimage.dll
0x00007fffe4ca0000 - 0x00007fffe5384000 	C:\WINDOWS\System32\SHELL32.dll
0x00007fffe5cd0000 - 0x00007fffe5d79000 	C:\WINDOWS\System32\shcore.dll
0x00007fffe3790000 - 0x00007fffe3f0e000 	C:\WINDOWS\System32\windows.storage.dll
0x00007fffe3580000 - 0x00007fffe35a3000 	C:\WINDOWS\System32\profapi.dll
0x00007fffe3530000 - 0x00007fffe357a000 	C:\WINDOWS\System32\powrprof.dll
0x00007fffe34e0000 - 0x00007fffe34f0000 	C:\WINDOWS\System32\UMPDC.dll
0x00007fffe58d0000 - 0x00007fffe5922000 	C:\WINDOWS\System32\shlwapi.dll
0x00007fffe44e0000 - 0x00007fffe44f7000 	C:\WINDOWS\System32\cryptsp.dll
0x00007fffdda00000 - 0x00007fffdda0b000 	C:\Program Files\Java\jdk-13\bin\dt_socket.dll
0x00007fffe2d50000 - 0x00007fffe2db7000 	C:\WINDOWS\system32\mswsock.dll
0x00007fffbc0b0000 - 0x00007fffbc0c9000 	C:\Program Files\Java\jdk-13\bin\net.dll
0x00007fffdb2e0000 - 0x00007fffdb4b6000 	C:\WINDOWS\SYSTEM32\urlmon.dll
0x00007fffdd6f0000 - 0x00007fffdd7e0000 	C:\WINDOWS\SYSTEM32\WINHTTP.dll
0x00007fffdb030000 - 0x00007fffdb2d6000 	C:\WINDOWS\SYSTEM32\iertutil.dll
0x00007fffe2f20000 - 0x00007fffe2f2c000 	C:\WINDOWS\SYSTEM32\CRYPTBASE.DLL
0x00007fffbb550000 - 0x00007fffbb563000 	C:\Program Files\Java\jdk-13\bin\nio.dll
0x00007fff9a7f0000 - 0x00007fff9a989000 	C:\Program Files\Java\jdk-13\bin\awt.dll
0x00007fffe61f0000 - 0x00007fffe62b4000 	C:\WINDOWS\System32\OLEAUT32.dll
0x00007fffe02b0000 - 0x00007fffe0870000 	C:\WINDOWS\SYSTEM32\d2d1.dll
0x00007fffe1760000 - 0x00007fffe17ef000 	C:\WINDOWS\SYSTEM32\apphelp.dll
0x00007fffe1850000 - 0x00007fffe18e9000 	C:\WINDOWS\system32\uxtheme.dll
0x00007fffe62c0000 - 0x00007fffe63f6000 	C:\WINDOWS\System32\MSCTF.dll
0x00007fffe5650000 - 0x00007fffe57a7000 	C:\WINDOWS\System32\ole32.dll
0x00007fffe1c80000 - 0x00007fffe1cad000 	C:\WINDOWS\system32\DWMAPI.DLL
0x00007fffb40d0000 - 0x00007fffb4226000 	C:\WINDOWS\system32\opengl32.dll
0x00007fffd11a0000 - 0x00007fffd11cc000 	C:\WINDOWS\SYSTEM32\GLU32.dll
0x00007fffe2150000 - 0x00007fffe2170000 	C:\WINDOWS\SYSTEM32\dxcore.dll
0x00007fffe35b0000 - 0x00007fffe36f9000 	C:\WINDOWS\System32\crypt32.dll
0x00007fffe34f0000 - 0x00007fffe3502000 	C:\WINDOWS\System32\MSASN1.dll
0x00007fffdef90000 - 0x00007fffdefbf000 	C:\WINDOWS\SYSTEM32\cryptnet.dll
0x00007fffe3700000 - 0x00007fffe375c000 	C:\WINDOWS\System32\WINTRUST.DLL
0x00007fffe46d0000 - 0x00007fffe46ed000 	C:\WINDOWS\System32\imagehlp.dll
0x00007fffe28c0000 - 0x00007fffe28f3000 	C:\WINDOWS\system32\rsaenh.dll
0x00007fffe4310000 - 0x00007fffe4336000 	C:\WINDOWS\System32\bcrypt.dll
0x00007fffb80d0000 - 0x00007fffb8394000 	C:\WINDOWS\system32\nvspcap64.dll
0x00007fffe2540000 - 0x00007fffe2571000 	C:\WINDOWS\SYSTEM32\ntmarta.dll
0x00007fffe2100000 - 0x00007fffe2122000 	C:\WINDOWS\SYSTEM32\gpapi.dll
0x00007fffb4040000 - 0x00007fffb40c2000 	C:\Program Files\Java\jdk-13\bin\freetype.dll
0x00007fff99d40000 - 0x00007fff99de6000 	C:\Program Files\Java\jdk-13\bin\fontmanager.dll
0x00007fffd4300000 - 0x00007fffd439e000 	C:\WINDOWS\System32\TextInputFramework.dll
0x00007fffd3b90000 - 0x00007fffd3eba000 	C:\WINDOWS\System32\CoreUIComponents.dll
0x00007fffe1520000 - 0x00007fffe15f4000 	C:\WINDOWS\System32\CoreMessaging.dll
0x00007fffdf7e0000 - 0x00007fffdf933000 	C:\WINDOWS\SYSTEM32\wintypes.dll
0x00007fffc0040000 - 0x00007fffc0065000 	C:\Program Files\Java\jdk-13\bin\sunec.dll
0x00007fffe3400000 - 0x00007fffe3425000 	C:\WINDOWS\SYSTEM32\USERENV.dll
0x00007fffe2a60000 - 0x00007fffe2a9a000 	C:\WINDOWS\SYSTEM32\IPHLPAPI.DLL
0x00007fffe6440000 - 0x00007fffe6448000 	C:\WINDOWS\System32\NSI.dll
0x00007fffded80000 - 0x00007fffded96000 	C:\WINDOWS\SYSTEM32\dhcpcsvc6.DLL
0x00007fffdec60000 - 0x00007fffdec7c000 	C:\WINDOWS\SYSTEM32\dhcpcsvc.DLL
0x00007fffe2aa0000 - 0x00007fffe2b6b000 	C:\WINDOWS\SYSTEM32\DNSAPI.dll
0x00007fffdda80000 - 0x00007fffdda8a000 	C:\Windows\System32\rasadhlp.dll
0x00007fffde360000 - 0x00007fffde3d7000 	C:\WINDOWS\System32\fwpuclnt.dll
0x00007fffbfc90000 - 0x00007fffbfcd2000 	C:\Users\ellio\AppData\Local\Temp\jna-96600203\jna6631537795032261196.dll
0x00007fff9aa30000 - 0x00007fff9aacc000 	C:\Users\ellio\AppData\Local\Temp\jna-96600203\jna16235260118898850435.dll
0x00007fffdcfe0000 - 0x00007fffdcfee000 	C:\Program Files\Java\jdk-13\bin\sunmscapi.dll
0x00007fffe3020000 - 0x00007fffe3046000 	C:\WINDOWS\SYSTEM32\ncrypt.dll
0x00007fffe2fe0000 - 0x00007fffe301b000 	C:\WINDOWS\SYSTEM32\NTASN1.dll
0x00007fffb3c40000 - 0x00007fffb3cbf000 	C:\Program Files\Java\jdk-13\bin\mlib_image.dll
0x00007fffe4ad0000 - 0x00007fffe4b72000 	C:\WINDOWS\System32\clbcatq.dll
0x00007fffd3640000 - 0x00007fffd37ef000 	C:\WINDOWS\SYSTEM32\WindowsCodecs.dll
0x00007fffd1b90000 - 0x00007fffd1bca000 	C:\WINDOWS\system32\dataexchange.dll
0x00007fffe0d20000 - 0x00007fffe0f7b000 	C:\WINDOWS\system32\d3d11.dll
0x00007fffe0fd0000 - 0x00007fffe11ac000 	C:\WINDOWS\system32\dcomp.dll
0x00007fffe21e0000 - 0x00007fffe22cb000 	C:\WINDOWS\system32\dxgi.dll
0x00007fffe1910000 - 0x00007fffe1b71000 	C:\WINDOWS\system32\twinapi.appcore.dll
0x00007fffe1d90000 - 0x00007fffe1db9000 	C:\WINDOWS\system32\RMCLIENT.dll
0x00007fffbfec0000 - 0x00007fffbfed1000 	C:\Program Files\Java\jdk-13\bin\jsound.dll
0x00007fffbdc50000 - 0x00007fffbdce9000 	C:\WINDOWS\SYSTEM32\DSOUND.dll
0x00007fffdf3a0000 - 0x00007fffdf412000 	C:\WINDOWS\System32\MMDevApi.dll
0x00007fffe32e0000 - 0x00007fffe330a000 	C:\WINDOWS\System32\DEVOBJ.dll
0x00007fffd1500000 - 0x00007fffd1544000 	C:\WINDOWS\SYSTEM32\wdmaud.drv
0x00007fffd39e0000 - 0x00007fffd39e9000 	C:\WINDOWS\SYSTEM32\ksuser.dll
0x00007fffd4660000 - 0x00007fffd466a000 	C:\WINDOWS\SYSTEM32\AVRT.dll
0x00007fffdf580000 - 0x00007fffdf6dd000 	C:\WINDOWS\SYSTEM32\AUDIOSES.DLL
0x00007fffd14f0000 - 0x00007fffd14fd000 	C:\WINDOWS\SYSTEM32\msacm32.drv
0x00007fffd1170000 - 0x00007fffd118c000 	C:\WINDOWS\SYSTEM32\MSACM32.dll
0x00007fffccbb0000 - 0x00007fffccbba000 	C:\WINDOWS\SYSTEM32\midimap.dll
0x00007fffdd0b0000 - 0x00007fffdd0b9000 	C:\Program Files\Java\jdk-13\bin\management.dll
0x00007fffe1b90000 - 0x00007fffe1ba4000 	C:\WINDOWS\SYSTEM32\resourcepolicyclient.dll
0x00007fffc99f0000 - 0x00007fffc99fb000 	C:\Program Files\Java\jdk-13\bin\management_ext.dll
0x00007fffd2790000 - 0x00007fffd28e1000 	C:\Windows\System32\Windows.UI.dll
0x00007fffd2670000 - 0x00007fffd278b000 	C:\Windows\System32\InputHost.dll
0x00007fffde270000 - 0x00007fffde360000 	C:\Windows\System32\PROPSYS.dll
0x00007fffd12f0000 - 0x00007fffd139e000 	C:\WINDOWS\SYSTEM32\mscms.dll
0x00007fffd12d0000 - 0x00007fffd12e7000 	C:\WINDOWS\SYSTEM32\ColorAdapterClient.dll
0x00007fffbfff0000 - 0x00007fffc0033000 	C:\WINDOWS\SYSTEM32\icm32.dll
0x00007fffbdff0000 - 0x00007fffbe01d000 	C:\Program Files\Java\jdk-13\bin\javajpeg.dll

dbghelp: loaded successfully - version: 4.0.5 - missing functions: none
symbol engine: initialized successfully - sym options: 0x614 - pdb path: .;C:\Program Files\Java\jdk-13\bin;C:\WINDOWS\SYSTEM32;C:\WINDOWS\WinSxS\amd64_microsoft.windows.common-controls_6595b64144ccf1df_6.0.18362.836_none_e6c4b943130f18ed;C:\Program Files\Java\jdk-13\bin\server;C:\WINDOWS\System32\DriverStore\FileRepository\nv_dispi.inf_amd64_ab1f86d7947528e0;C:\Users\ellio\AppData\Local\Temp\jna-96600203

VM Arguments:
jvm_args: -agentlib:jdwp=transport=dt_socket,address=127.0.0.1:60575,suspend=y,server=n -ea -javaagent:C:\Users\ellio\AppData\Local\JetBrains\IdeaIC2020.1\captureAgent\debugger-agent.jar -Dfile.encoding=UTF-8 
java_command: net.runelite.client.RuneLite --debug --developer-mode
java_class_path (initial): C:\Users\ellio\IdeaProjects\runelite_private\runelite-client\target\classes;C:\Users\ellio\.m2\repository\org\slf4j\slf4j-api\1.7.25\slf4j-api-1.7.25.jar;C:\Users\ellio\.m2\repository\ch\qos\logback\logback-classic\1.2.3\logback-classic-1.2.3.jar;C:\Users\ellio\.m2\repository\ch\qos\logback\logback-core\1.2.3\logback-core-1.2.3.jar;C:\Users\ellio\.m2\repository\net\sf\jopt-simple\jopt-simple\5.0.1\jopt-simple-5.0.1.jar;C:\Users\ellio\.m2\repository\com\google\guava\guava\23.2-jre\guava-23.2-jre.jar;C:\Users\ellio\.m2\repository\com\google\code\findbugs\jsr305\1.3.9\jsr305-1.3.9.jar;C:\Users\ellio\.m2\repository\com\google\errorprone\error_prone_annotations\2.0.18\error_prone_annotations-2.0.18.jar;C:\Users\ellio\.m2\repository\com\google\j2objc\j2objc-annotations\1.1\j2objc-annotations-1.1.jar;C:\Users\ellio\.m2\repository\org\codehaus\mojo\animal-sniffer-annotations\1.14\animal-sniffer-annotations-1.14.jar;C:\Users\ellio\.m2\repository\com\google\inject\guice\4.1.0\guice-4.1.0-no_aop.jar;C:\Users\ellio\.m2\repository\javax\inject\javax.inject\1\javax.inject-1.jar;C:\Users\ellio\.m2\repository\aopalliance\aopalliance\1.0\aopalliance-1.0.jar;C:\Users\ellio\.m2\repository\com\google\code\gson\gson\2.8.5\gson-2.8.5.jar;C:\Users\ellio\.m2\repository\net\runelite\pushingpixels\substance\8.0.02\substance-8.0.02.jar;C:\Users\ellio\.m2\repository\net\runelite\pushingpixels\trident\1.5.00\trident-1.5.00.jar;C:\Users\ellio\.m2\repository\org\apache\commons\commons-text\1.2\commons-text-1.2.jar;C:\Users\ellio\.m2\repository\org\apache\commons\commons-lang3\3.7\commons-lang3-3.7.jar;C:\Users\ellio\.m2\repository\net\runelite\jogl\jogl-all\2.4.0-rc-20200429\jogl-all-2.4.0-rc-20200429.jar;C:\Users\ellio\.m2\repository\net\runelite\jogl\jogl-all\2.4.0-rc-20200429\jogl-all-2.4.0-rc-20200429-natives-windows-amd64.jar;C:\Users\ellio\.m2\repository\net\runelite\jogl\jogl-all\2.4.0-rc-20200429\jogl-all-2.4.0-rc-20200429-natives-windows-i586.jar;C:\Users\ell
Launcher Type: SUN_STANDARD

[Global flags]
     intx CICompilerCount                          = 4                                         {product} {ergonomic}
     uint ConcGCThreads                            = 3                                         {product} {ergonomic}
     uint G1ConcRefinementThreads                  = 10                                        {product} {ergonomic}
   size_t G1HeapRegionSize                         = 2097152                                   {product} {ergonomic}
    uintx GCDrainStackTargetSize                   = 64                                        {product} {ergonomic}
   size_t InitialHeapSize                          = 536870912                                 {product} {ergonomic}
   size_t MarkStackSize                            = 4194304                                   {product} {ergonomic}
   size_t MaxHeapSize                              = 8577351680                                {product} {ergonomic}
   size_t MaxNewSize                               = 5146411008                                {product} {ergonomic}
   size_t MinHeapDeltaBytes                        = 2097152                                   {product} {ergonomic}
   size_t MinHeapSize                              = 8388608                                   {product} {ergonomic}
    uintx NonNMethodCodeHeapSize                   = 5836300                                {pd product} {ergonomic}
    uintx NonProfiledCodeHeapSize                  = 122910970                              {pd product} {ergonomic}
    uintx ProfiledCodeHeapSize                     = 122910970                              {pd product} {ergonomic}
    uintx ReservedCodeCacheSize                    = 251658240                              {pd product} {ergonomic}
     bool SegmentedCodeCache                       = true                                      {product} {ergonomic}
   size_t SoftMaxHeapSize                          = 8577351680                             {manageable} {ergonomic}
     bool UseCompressedClassPointers               = true                                 {lp64_product} {ergonomic}
     bool UseCompressedOops                        = true                                 {lp64_product} {ergonomic}
     bool UseG1GC                                  = true                                      {product} {ergonomic}
     bool UseLargePagesIndividualAllocation        = false                                  {pd product} {ergonomic}

Logging:
Log output configuration:
 #0: stdout all=warning uptime,level,tags
 #1: stderr all=off uptime,level,tags

Environment Variables:
JAVA_HOME=C:\Program Files\Java\jdk1.8.0_221
PATH=C:\Program Files (x86)\Common Files\Oracle\Java\javapath;C:\Windows\system32;C:\Windows;C:\Windows\System32\Wbem;C:\Windows\System32\WindowsPowerShell\v1.0\;C:\Program Files (x86)\NVIDIA Corporation\PhysX\Common;C:\WINDOWS\system32;C:\WINDOWS;C:\WINDOWS\System32\Wbem;C:\WINDOWS\System32\WindowsPowerShell\v1.0\;C:\WINDOWS\System32\OpenSSH\;C:\Program Files\NVIDIA Corporation\NVIDIA NvDLISR;C:\Program Files\nodejs\;C:\Program Files\dotnet\;C:\Program Files\Git\cmd;C:\Gradle\gradle-5.6.2\bin;C:\Program Files\Java\jdk1.8.0_221\bin;C:\Program Files (x86)\Maven\apache-maven-3.6.2-bin\apache-maven-3.6.2\bin;C:\Users\ellio\AppData\Local\Programs\Python\Python36\Scripts\;C:\Users\ellio\AppData\Local\Programs\Python\Python36\;C:\Users\ellio\AppData\Local\Microsoft\WindowsApps;C:\Users\ellio\AppData\Local\atom\bin;C:\Users\ellio\AppData\Roaming\npm;C:\Users\ellio\AppData\Local\Microsoft\WindowsApps;C:\Users\ellio\AppData\Local\GitHubDesktop\bin
USERNAME=ellio
OS=Windows_NT
PROCESSOR_IDENTIFIER=AMD64 Family 23 Model 1 Stepping 1, AuthenticAMD



---------------  S Y S T E M  ---------------

OS: Windows 10 , 64 bit Build 18362 (10.0.18362.778)

CPU:total 12 (initial active 12) (12 cores per cpu, 2 threads per core) family 23 model 1 stepping 1, cmov, cx8, fxsr, mmx, sse, sse2, sse3, ssse3, sse4.1, sse4.2, popcnt, avx, avx2, aes, clmul, mmxext, 3dnowpref, lzcnt, sse4a, ht, tsc, tscinvbit, tscinv, bmi1, bmi2, adx, sha, fma

Memory: 4k page, system-wide physical 32719M (20953M free)
TotalPageFile size 37583M (AvailPageFile size 21374M)
current process WorkingSet (physical memory assigned to process): 545M, peak: 678M
current process commit charge ("private bytes"): 632M, peak: 762M

vm_info: Java HotSpot(TM) 64-Bit Server VM (13+33) for windows-amd64 JRE (13+33), built on Sep 18 2019 21:38:00 by "mach5one" with unknown MS VC++:1916

END.
